library/build/intermediates/manifest_merge_blame_file/release/manifest-merger-blame-release-report.txt
1<?xml version="1.0" encoding="utf-8"?>
2<manifest xmlns:android="http://schemas.android.com/apk/res/android"
3    package="cn.Ragnarok"
4    android:versionCode="1"
5    android:versionName="0.1" >
6
7    <uses-sdk
8        android:minSdkVersion="9"
8-->HackGame/library/AndroidManifest.xml
9        android:targetSdkVersion="29" />
9-->HackGame/library/AndroidManifest.xml
10
11</manifest>